<?xml version="1.0" encoding="UTF-8"?>
<testng-results skipped="0" failed="0" ignored="0" total="0" passed="0">
  <reporter-output>
  </reporter-output>
  <suite name="edu.eci.cvds.tdd.aerodescuentos.TarifasTest" duration-ms="20" started-at="2020-08-26T18:49:08 COT" finished-at="2020-08-26T18:49:08 COT">
    <groups>
    </groups>
    <test name="Command line test" duration-ms="20" started-at="2020-08-26T18:49:08 COT" finished-at="2020-08-26T18:49:08 COT">
    </test> <!-- Command line test -->
  </suite> <!-- edu.eci.cvds.tdd.aerodescuentos.TarifasTest -->
</testng-results>
